#
# A fatal error has been detected by the Java Runtime Environment:
#
#  Internal Error (./open/src/hotspot/share/interpreter/oopMapCache.cpp:111), pid=6460, tid=10872
#  Error: ShouldNotReachHere()
#
# JRE version: OpenJDK Runtime Environment (15.0.2+7) (build 15.0.2+7-27)
# Java VM: OpenJDK 64-Bit Server VM (15.0.2+7-27, mixed mode, tiered, compressed oops, g1 gc, windows-amd64)
# No core dump will be written. Minidumps are not enabled by default on client versions of Windows
#
# If you would like to submit a bug report, please visit:
#   https://bugreport.java.com/bugreport/crash.jsp
#

---------------  S U M M A R Y ------------

Command Line: -XX:+ShowCodeDetailsInExceptionMessages -agentlib:jdwp=transport=dt_socket,suspend=y,address=localhost:55305 -ea -javaagent:C:\Users\60026865.ICU_DOMAIN\Downloads\eclipse-java-2021-03-R-win32-x86_64\eclipse\configuration\org.eclipse.osgi\222\0\.cp\lib\javaagent-shaded.jar -Dfile.encoding=Cp1252 --module-path=C:\Users\60026865.ICU_DOMAIN\Downloads\hamcrest-core-1.3.jar;C:\Users\60026865.ICU_DOMAIN\Downloads\selenium-java-3.141.59\client-combined-3.141.59.jar;C:\Users\60026865.ICU_DOMAIN\Downloads\selenium-java-3.141.59\client-combined-3.141.59-sources.jar;C:\Users\60026865.ICU_DOMAIN\Downloads\selenium-java-3.141.59\libs\byte-buddy-1.8.15.jar;C:\Users\60026865.ICU_DOMAIN\Downloads\selenium-java-3.141.59\libs\commons-exec-1.3.jar;C:\Users\60026865.ICU_DOMAIN\Downloads\selenium-java-3.141.59\libs\guava-25.0-jre.jar;C:\Users\60026865.ICU_DOMAIN\Downloads\selenium-java-3.141.59\libs\okhttp-3.11.0.jar;C:\Users\60026865.ICU_DOMAIN\Downloads\selenium-java-3.141.59\libs\okio-1.14.0.jar org.eclipse.jdt.internal.junit.runner.RemoteTestRunner -version 3 -port 55304 -testLoaderClass org.eclipse.jdt.internal.junit4.runner.JUnit4TestLoader -loaderpluginname org.eclipse.jdt.junit4.runtime -classNames two_pointer.RemoveDuplicatesMoreThanTwice

Host: Intel(R) Core(TM) i7-8850H CPU @ 2.60GHz, 12 cores, 31G,  Windows 10 , 64 bit Build 17763 (10.0.17763.1879)
Time: Fri Jul 16 15:11:06 2021 India Standard Time elapsed time: 314.444752 seconds (0d 0h 5m 14s)

---------------  T H R E A D  ---------------

Current thread (0x000002dda023a0a0):  JavaThread "JDWP Transport Listener: dt_socket" daemon [_thread_in_vm, id=10872, stack(0x000000fc62100000,0x000000fc62200000)] _threads_hazard_ptr=0x000002dda182bee0

Stack: [0x000000fc62100000,0x000000fc62200000]
Native frames: (J=compiled Java code, j=interpreted, Vv=VM code, C=native code)
V  [jvm.dll+0x62ae9a]
V  [jvm.dll+0x7817a9]
V  [jvm.dll+0x782f03]
V  [jvm.dll+0x783517]
V  [jvm.dll+0x21628c]
V  [jvm.dll+0x2161d3]
V  [jvm.dll+0x619eea]
V  [jvm.dll+0x619ba3]
V  [jvm.dll+0x5df278]
V  [jvm.dll+0x77876f]
V  [jvm.dll+0x4f02e1]
V  [jvm.dll+0x7882b5]
V  [jvm.dll+0x4d40ea]
V  [jvm.dll+0x49526b]
C  [jdwp.dll+0x796b]


---------------  P R O C E S S  ---------------

Threads class SMR info:
_java_thread_list=0x000002dda182bee0, length=15, elements={
0x000002ddf6050e60, 0x000002dd9f753790, 0x000002dd9f754690, 0x000002dd9f7a3280,
0x000002dd9f7a5b50, 0x000002dd9f7a7840, 0x000002dd9f7ac860, 0x000002dd9f7b2b40,
0x000002dd9f7b5c70, 0x000002dd9f8fb800, 0x000002dda023a0a0, 0x000002dd9fa7db60,
0x000002dda00a8f70, 0x000002dda0689720, 0x000002dda174c2e0
}

Java Threads: ( => current thread )
  0x000002ddf6050e60 JavaThread "main" [_thread_blocked, id=20476, stack(0x000000fc60f00000,0x000000fc61000000)]
  0x000002dd9f753790 JavaThread "Reference Handler" daemon [_thread_blocked, id=29268, stack(0x000000fc61600000,0x000000fc61700000)]
  0x000002dd9f754690 JavaThread "Finalizer" daemon [_thread_blocked, id=9460, stack(0x000000fc61700000,0x000000fc61800000)]
  0x000002dd9f7a3280 JavaThread "Signal Dispatcher" daemon [_thread_blocked, id=36740, stack(0x000000fc61800000,0x000000fc61900000)]
  0x000002dd9f7a5b50 JavaThread "Attach Listener" daemon [_thread_blocked, id=33104, stack(0x000000fc61900000,0x000000fc61a00000)]
  0x000002dd9f7a7840 JavaThread "Service Thread" daemon [_thread_blocked, id=36488, stack(0x000000fc61a00000,0x000000fc61b00000)]
  0x000002dd9f7ac860 JavaThread "C2 CompilerThread0" daemon [_thread_blocked, id=26708, stack(0x000000fc61b00000,0x000000fc61c00000)]
  0x000002dd9f7b2b40 JavaThread "C1 CompilerThread0" daemon [_thread_blocked, id=27824, stack(0x000000fc61c00000,0x000000fc61d00000)]
  0x000002dd9f7b5c70 JavaThread "Sweeper thread" daemon [_thread_blocked, id=20388, stack(0x000000fc61d00000,0x000000fc61e00000)]
  0x000002dd9f8fb800 JavaThread "Common-Cleaner" daemon [_thread_blocked, id=29440, stack(0x000000fc61e00000,0x000000fc61f00000)]
=>0x000002dda023a0a0 JavaThread "JDWP Transport Listener: dt_socket" daemon [_thread_in_vm, id=10872, stack(0x000000fc62100000,0x000000fc62200000)] _threads_hazard_ptr=0x000002dda182bee0
  0x000002dd9fa7db60 JavaThread "JDWP Event Helper Thread" daemon [_thread_blocked, id=16240, stack(0x000000fc62200000,0x000000fc62300000)]
  0x000002dda00a8f70 JavaThread "JDWP Command Reader" daemon [_thread_in_native, id=25528, stack(0x000000fc62300000,0x000000fc62400000)]
  0x000002dda0689720 JavaThread "Notification Thread" daemon [_thread_blocked, id=25004, stack(0x000000fc62400000,0x000000fc62500000)]
  0x000002dda174c2e0 JavaThread "ReaderThread" [_thread_in_native, id=7700, stack(0x000000fc62600000,0x000000fc62700000)]

Other Threads:
  0x000002dd9f737e40 VMThread "VM Thread" [stack: 0x000000fc61500000,0x000000fc61600000] [id=36344]
  0x000002dda25e8f30 WatcherThread [stack: 0x000000fc62500000,0x000000fc62600000] [id=15248]
  0x000002ddf60c4930 GCTaskThread "GC Thread#0" [stack: 0x000000fc61000000,0x000000fc61100000] [id=27740]
  0x000002ddf60d5990 ConcurrentGCThread "G1 Main Marker" [stack: 0x000000fc61100000,0x000000fc61200000] [id=35416]
  0x000002ddf60d7520 ConcurrentGCThread "G1 Conc#0" [stack: 0x000000fc61200000,0x000000fc61300000] [id=26628]
  0x000002ddf60fe8f0 ConcurrentGCThread "G1 Refine#0" [stack: 0x000000fc61300000,0x000000fc61400000] [id=27356]
  0x000002ddff2699f0 ConcurrentGCThread "G1 Young RemSet Sampling" [stack: 0x000000fc61400000,0x000000fc61500000] [id=19016]

Threads with active compile tasks:

VM state: not at safepoint (normal execution)

VM Mutex/Monitor currently owned by a thread: None

Heap address: 0x0000000603000000, size: 8144 MB, Compressed Oops mode: Zero based, Oop shift amount: 3
CDS disabled.
Compressed class space mapped at: 0x0000000800000000-0x0000000840000000, size: 1073741824
Narrow klass base: 0x0000000800000000, Narrow klass shift: 0, Narrow klass range: 0x40000000

GC Precious Log:
 CPUs: 12 total, 12 available
 Memory: 32574M
 Large Page Support: Disabled
 NUMA Support: Disabled
 Compressed Oops: Enabled (Zero based)
 Heap Region Size: 4M
 Heap Min Capacity: 8M
 Heap Initial Capacity: 512M
 Heap Max Capacity: 8144M
 Pre-touch: Disabled
 Parallel Workers: 10
 Concurrent Workers: 3
 Concurrent Refinement Workers: 10
 Periodic GC: Disabled

Heap:
 garbage-first heap   total 524288K, used 16384K [0x0000000603000000, 0x0000000800000000)
  region size 4096K, 5 young (20480K), 0 survivors (0K)
 Metaspace       used 11677K, capacity 11853K, committed 11904K, reserved 1060864K
  class space    used 1047K, capacity 1113K, committed 1152K, reserved 1048576K

Heap Regions: E=young(eden), S=young(survivor), O=old, HS=humongous(starts), HC=humongous(continues), CS=collection set, F=free, OA=open archive, CA=closed archive, TAMS=top-at-mark-start (previous, next)
|   0|0x0000000603000000, 0x0000000603000000, 0x0000000603400000|  0%| F|  |TAMS 0x0000000603000000, 0x0000000603000000| Untracked 
|   1|0x0000000603400000, 0x0000000603400000, 0x0000000603800000|  0%| F|  |TAMS 0x0000000603400000, 0x0000000603400000| Untracked 
|   2|0x0000000603800000, 0x0000000603800000, 0x0000000603c00000|  0%| F|  |TAMS 0x0000000603800000, 0x0000000603800000| Untracked 
|   3|0x0000000603c00000, 0x0000000603c00000, 0x0000000604000000|  0%| F|  |TAMS 0x0000000603c00000, 0x0000000603c00000| Untracked 
|   4|0x0000000604000000, 0x0000000604000000, 0x0000000604400000|  0%| F|  |TAMS 0x0000000604000000, 0x0000000604000000| Untracked 
|   5|0x0000000604400000, 0x0000000604400000, 0x0000000604800000|  0%| F|  |TAMS 0x0000000604400000, 0x0000000604400000| Untracked 
|   6|0x0000000604800000, 0x0000000604800000, 0x0000000604c00000|  0%| F|  |TAMS 0x0000000604800000, 0x0000000604800000| Untracked 
|   7|0x0000000604c00000, 0x0000000604c00000, 0x0000000605000000|  0%| F|  |TAMS 0x0000000604c00000, 0x0000000604c00000| Untracked 
|   8|0x0000000605000000, 0x0000000605000000, 0x0000000605400000|  0%| F|  |TAMS 0x0000000605000000, 0x0000000605000000| Untracked 
|   9|0x0000000605400000, 0x0000000605400000, 0x0000000605800000|  0%| F|  |TAMS 0x0000000605400000, 0x0000000605400000| Untracked 
|  10|0x0000000605800000, 0x0000000605800000, 0x0000000605c00000|  0%| F|  |TAMS 0x0000000605800000, 0x0000000605800000| Untracked 
|  11|0x0000000605c00000, 0x0000000605c00000, 0x0000000606000000|  0%| F|  |TAMS 0x0000000605c00000, 0x0000000605c00000| Untracked 
|  12|0x0000000606000000, 0x0000000606000000, 0x0000000606400000|  0%| F|  |TAMS 0x0000000606000000, 0x0000000606000000| Untracked 
|  13|0x0000000606400000, 0x0000000606400000, 0x0000000606800000|  0%| F|  |TAMS 0x0000000606400000, 0x0000000606400000| Untracked 
|  14|0x0000000606800000, 0x0000000606800000, 0x0000000606c00000|  0%| F|  |TAMS 0x0000000606800000, 0x0000000606800000| Untracked 
|  15|0x0000000606c00000, 0x0000000606c00000, 0x0000000607000000|  0%| F|  |TAMS 0x0000000606c00000, 0x0000000606c00000| Untracked 
|  16|0x0000000607000000, 0x0000000607000000, 0x0000000607400000|  0%| F|  |TAMS 0x0000000607000000, 0x0000000607000000| Untracked 
|  17|0x0000000607400000, 0x0000000607400000, 0x0000000607800000|  0%| F|  |TAMS 0x0000000607400000, 0x0000000607400000| Untracked 
|  18|0x0000000607800000, 0x0000000607800000, 0x0000000607c00000|  0%| F|  |TAMS 0x0000000607800000, 0x0000000607800000| Untracked 
|  19|0x0000000607c00000, 0x0000000607c00000, 0x0000000608000000|  0%| F|  |TAMS 0x0000000607c00000, 0x0000000607c00000| Untracked 
|  20|0x0000000608000000, 0x0000000608000000, 0x0000000608400000|  0%| F|  |TAMS 0x0000000608000000, 0x0000000608000000| Untracked 
|  21|0x0000000608400000, 0x0000000608400000, 0x0000000608800000|  0%| F|  |TAMS 0x0000000608400000, 0x0000000608400000| Untracked 
|  22|0x0000000608800000, 0x0000000608800000, 0x0000000608c00000|  0%| F|  |TAMS 0x0000000608800000, 0x0000000608800000| Untracked 
|  23|0x0000000608c00000, 0x0000000608c00000, 0x0000000609000000|  0%| F|  |TAMS 0x0000000608c00000, 0x0000000608c00000| Untracked 
|  24|0x0000000609000000, 0x0000000609000000, 0x0000000609400000|  0%| F|  |TAMS 0x0000000609000000, 0x0000000609000000| Untracked 
|  25|0x0000000609400000, 0x0000000609400000, 0x0000000609800000|  0%| F|  |TAMS 0x0000000609400000, 0x0000000609400000| Untracked 
|  26|0x0000000609800000, 0x0000000609800000, 0x0000000609c00000|  0%| F|  |TAMS 0x0000000609800000, 0x0000000609800000| Untracked 
|  27|0x0000000609c00000, 0x0000000609c00000, 0x000000060a000000|  0%| F|  |TAMS 0x0000000609c00000, 0x0000000609c00000| Untracked 
|  28|0x000000060a000000, 0x000000060a000000, 0x000000060a400000|  0%| F|  |TAMS 0x000000060a000000, 0x000000060a000000| Untracked 
|  29|0x000000060a400000, 0x000000060a400000, 0x000000060a800000|  0%| F|  |TAMS 0x000000060a400000, 0x000000060a400000| Untracked 
|  30|0x000000060a800000, 0x000000060a800000, 0x000000060ac00000|  0%| F|  |TAMS 0x000000060a800000, 0x000000060a800000| Untracked 
|  31|0x000000060ac00000, 0x000000060ac00000, 0x000000060b000000|  0%| F|  |TAMS 0x000000060ac00000, 0x000000060ac00000| Untracked 
|  32|0x000000060b000000, 0x000000060b000000, 0x000000060b400000|  0%| F|  |TAMS 0x000000060b000000, 0x000000060b000000| Untracked 
|  33|0x000000060b400000, 0x000000060b400000, 0x000000060b800000|  0%| F|  |TAMS 0x000000060b400000, 0x000000060b400000| Untracked 
|  34|0x000000060b800000, 0x000000060b800000, 0x000000060bc00000|  0%| F|  |TAMS 0x000000060b800000, 0x000000060b800000| Untracked 
|  35|0x000000060bc00000, 0x000000060bc00000, 0x000000060c000000|  0%| F|  |TAMS 0x000000060bc00000, 0x000000060bc00000| Untracked 
|  36|0x000000060c000000, 0x000000060c000000, 0x000000060c400000|  0%| F|  |TAMS 0x000000060c000000, 0x000000060c000000| Untracked 
|  37|0x000000060c400000, 0x000000060c400000, 0x000000060c800000|  0%| F|  |TAMS 0x000000060c400000, 0x000000060c400000| Untracked 
|  38|0x000000060c800000, 0x000000060c800000, 0x000000060cc00000|  0%| F|  |TAMS 0x000000060c800000, 0x000000060c800000| Untracked 
|  39|0x000000060cc00000, 0x000000060cc00000, 0x000000060d000000|  0%| F|  |TAMS 0x000000060cc00000, 0x000000060cc00000| Untracked 
|  40|0x000000060d000000, 0x000000060d000000, 0x000000060d400000|  0%| F|  |TAMS 0x000000060d000000, 0x000000060d000000| Untracked 
|  41|0x000000060d400000, 0x000000060d400000, 0x000000060d800000|  0%| F|  |TAMS 0x000000060d400000, 0x000000060d400000| Untracked 
|  42|0x000000060d800000, 0x000000060d800000, 0x000000060dc00000|  0%| F|  |TAMS 0x000000060d800000, 0x000000060d800000| Untracked 
|  43|0x000000060dc00000, 0x000000060dc00000, 0x000000060e000000|  0%| F|  |TAMS 0x000000060dc00000, 0x000000060dc00000| Untracked 
|  44|0x000000060e000000, 0x000000060e000000, 0x000000060e400000|  0%| F|  |TAMS 0x000000060e000000, 0x000000060e000000| Untracked 
|  45|0x000000060e400000, 0x000000060e400000, 0x000000060e800000|  0%| F|  |TAMS 0x000000060e400000, 0x000000060e400000| Untracked 
|  46|0x000000060e800000, 0x000000060e800000, 0x000000060ec00000|  0%| F|  |TAMS 0x000000060e800000, 0x000000060e800000| Untracked 
|  47|0x000000060ec00000, 0x000000060ec00000, 0x000000060f000000|  0%| F|  |TAMS 0x000000060ec00000, 0x000000060ec00000| Untracked 
|  48|0x000000060f000000, 0x000000060f000000, 0x000000060f400000|  0%| F|  |TAMS 0x000000060f000000, 0x000000060f000000| Untracked 
|  49|0x000000060f400000, 0x000000060f400000, 0x000000060f800000|  0%| F|  |TAMS 0x000000060f400000, 0x000000060f400000| Untracked 
|  50|0x000000060f800000, 0x000000060f800000, 0x000000060fc00000|  0%| F|  |TAMS 0x000000060f800000, 0x000000060f800000| Untracked 
|  51|0x000000060fc00000, 0x000000060fc00000, 0x0000000610000000|  0%| F|  |TAMS 0x000000060fc00000, 0x000000060fc00000| Untracked 
|  52|0x0000000610000000, 0x0000000610000000, 0x0000000610400000|  0%| F|  |TAMS 0x0000000610000000, 0x0000000610000000| Untracked 
|  53|0x0000000610400000, 0x0000000610400000, 0x0000000610800000|  0%| F|  |TAMS 0x0000000610400000, 0x0000000610400000| Untracked 
|  54|0x0000000610800000, 0x0000000610800000, 0x0000000610c00000|  0%| F|  |TAMS 0x0000000610800000, 0x0000000610800000| Untracked 
|  55|0x0000000610c00000, 0x0000000610c00000, 0x0000000611000000|  0%| F|  |TAMS 0x0000000610c00000, 0x0000000610c00000| Untracked 
|  56|0x0000000611000000, 0x0000000611000000, 0x0000000611400000|  0%| F|  |TAMS 0x0000000611000000, 0x0000000611000000| Untracked 
|  57|0x0000000611400000, 0x0000000611400000, 0x0000000611800000|  0%| F|  |TAMS 0x0000000611400000, 0x0000000611400000| Untracked 
|  58|0x0000000611800000, 0x0000000611800000, 0x0000000611c00000|  0%| F|  |TAMS 0x0000000611800000, 0x0000000611800000| Untracked 
|  59|0x0000000611c00000, 0x0000000611c00000, 0x0000000612000000|  0%| F|  |TAMS 0x0000000611c00000, 0x0000000611c00000| Untracked 
|  60|0x0000000612000000, 0x0000000612000000, 0x0000000612400000|  0%| F|  |TAMS 0x0000000612000000, 0x0000000612000000| Untracked 
|  61|0x0000000612400000, 0x0000000612400000, 0x0000000612800000|  0%| F|  |TAMS 0x0000000612400000, 0x0000000612400000| Untracked 
|  62|0x0000000612800000, 0x0000000612800000, 0x0000000612c00000|  0%| F|  |TAMS 0x0000000612800000, 0x0000000612800000| Untracked 
|  63|0x0000000612c00000, 0x0000000612c00000, 0x0000000613000000|  0%| F|  |TAMS 0x0000000612c00000, 0x0000000612c00000| Untracked 
|  64|0x0000000613000000, 0x0000000613000000, 0x0000000613400000|  0%| F|  |TAMS 0x0000000613000000, 0x0000000613000000| Untracked 
|  65|0x0000000613400000, 0x0000000613400000, 0x0000000613800000|  0%| F|  |TAMS 0x0000000613400000, 0x0000000613400000| Untracked 
|  66|0x0000000613800000, 0x0000000613800000, 0x0000000613c00000|  0%| F|  |TAMS 0x0000000613800000, 0x0000000613800000| Untracked 
|  67|0x0000000613c00000, 0x0000000613c00000, 0x0000000614000000|  0%| F|  |TAMS 0x0000000613c00000, 0x0000000613c00000| Untracked 
|  68|0x0000000614000000, 0x0000000614000000, 0x0000000614400000|  0%| F|  |TAMS 0x0000000614000000, 0x0000000614000000| Untracked 
|  69|0x0000000614400000, 0x0000000614400000, 0x0000000614800000|  0%| F|  |TAMS 0x0000000614400000, 0x0000000614400000| Untracked 
|  70|0x0000000614800000, 0x0000000614800000, 0x0000000614c00000|  0%| F|  |TAMS 0x0000000614800000, 0x0000000614800000| Untracked 
|  71|0x0000000614c00000, 0x0000000614c00000, 0x0000000615000000|  0%| F|  |TAMS 0x0000000614c00000, 0x0000000614c00000| Untracked 
|  72|0x0000000615000000, 0x0000000615000000, 0x0000000615400000|  0%| F|  |TAMS 0x0000000615000000, 0x0000000615000000| Untracked 
|  73|0x0000000615400000, 0x0000000615400000, 0x0000000615800000|  0%| F|  |TAMS 0x0000000615400000, 0x0000000615400000| Untracked 
|  74|0x0000000615800000, 0x0000000615800000, 0x0000000615c00000|  0%| F|  |TAMS 0x0000000615800000, 0x0000000615800000| Untracked 
|  75|0x0000000615c00000, 0x0000000615c00000, 0x0000000616000000|  0%| F|  |TAMS 0x0000000615c00000, 0x0000000615c00000| Untracked 
|  76|0x0000000616000000, 0x0000000616000000, 0x0000000616400000|  0%| F|  |TAMS 0x0000000616000000, 0x0000000616000000| Untracked 
|  77|0x0000000616400000, 0x0000000616400000, 0x0000000616800000|  0%| F|  |TAMS 0x0000000616400000, 0x0000000616400000| Untracked 
|  78|0x0000000616800000, 0x0000000616800000, 0x0000000616c00000|  0%| F|  |TAMS 0x0000000616800000, 0x0000000616800000| Untracked 
|  79|0x0000000616c00000, 0x0000000616c00000, 0x0000000617000000|  0%| F|  |TAMS 0x0000000616c00000, 0x0000000616c00000| Untracked 
|  80|0x0000000617000000, 0x0000000617000000, 0x0000000617400000|  0%| F|  |TAMS 0x0000000617000000, 0x0000000617000000| Untracked 
|  81|0x0000000617400000, 0x0000000617400000, 0x0000000617800000|  0%| F|  |TAMS 0x0000000617400000, 0x0000000617400000| Untracked 
|  82|0x0000000617800000, 0x0000000617800000, 0x0000000617c00000|  0%| F|  |TAMS 0x0000000617800000, 0x0000000617800000| Untracked 
|  83|0x0000000617c00000, 0x0000000617c00000, 0x0000000618000000|  0%| F|  |TAMS 0x0000000617c00000, 0x0000000617c00000| Untracked 
|  84|0x0000000618000000, 0x0000000618000000, 0x0000000618400000|  0%| F|  |TAMS 0x0000000618000000, 0x0000000618000000| Untracked 
|  85|0x0000000618400000, 0x0000000618400000, 0x0000000618800000|  0%| F|  |TAMS 0x0000000618400000, 0x0000000618400000| Untracked 
|  86|0x0000000618800000, 0x0000000618800000, 0x0000000618c00000|  0%| F|  |TAMS 0x0000000618800000, 0x0000000618800000| Untracked 
|  87|0x0000000618c00000, 0x0000000618c00000, 0x0000000619000000|  0%| F|  |TAMS 0x0000000618c00000, 0x0000000618c00000| Untracked 
|  88|0x0000000619000000, 0x0000000619000000, 0x0000000619400000|  0%| F|  |TAMS 0x0000000619000000, 0x0000000619000000| Untracked 
|  89|0x0000000619400000, 0x0000000619400000, 0x0000000619800000|  0%| F|  |TAMS 0x0000000619400000, 0x0000000619400000| Untracked 
|  90|0x0000000619800000, 0x0000000619800000, 0x0000000619c00000|  0%| F|  |TAMS 0x0000000619800000, 0x0000000619800000| Untracked 
|  91|0x0000000619c00000, 0x0000000619c00000, 0x000000061a000000|  0%| F|  |TAMS 0x0000000619c00000, 0x0000000619c00000| Untracked 
|  92|0x000000061a000000, 0x000000061a000000, 0x000000061a400000|  0%| F|  |TAMS 0x000000061a000000, 0x000000061a000000| Untracked 
|  93|0x000000061a400000, 0x000000061a400000, 0x000000061a800000|  0%| F|  |TAMS 0x000000061a400000, 0x000000061a400000| Untracked 
|  94|0x000000061a800000, 0x000000061a800000, 0x000000061ac00000|  0%| F|  |TAMS 0x000000061a800000, 0x000000061a800000| Untracked 
|  95|0x000000061ac00000, 0x000000061ac00000, 0x000000061b000000|  0%| F|  |TAMS 0x000000061ac00000, 0x000000061ac00000| Untracked 
|  96|0x000000061b000000, 0x000000061b000000, 0x000000061b400000|  0%| F|  |TAMS 0x000000061b000000, 0x000000061b000000| Untracked 
|  97|0x000000061b400000, 0x000000061b400000, 0x000000061b800000|  0%| F|  |TAMS 0x000000061b400000, 0x000000061b400000| Untracked 
|  98|0x000000061b800000, 0x000000061b800000, 0x000000061bc00000|  0%| F|  |TAMS 0x000000061b800000, 0x000000061b800000| Untracked 
|  99|0x000000061bc00000, 0x000000061bc00000, 0x000000061c000000|  0%| F|  |TAMS 0x000000061bc00000, 0x000000061bc00000| Untracked 
| 100|0x000000061c000000, 0x000000061c000000, 0x000000061c400000|  0%| F|  |TAMS 0x000000061c000000, 0x000000061c000000| Untracked 
| 101|0x000000061c400000, 0x000000061c400000, 0x000000061c800000|  0%| F|  |TAMS 0x000000061c400000, 0x000000061c400000| Untracked 
| 102|0x000000061c800000, 0x000000061c800000, 0x000000061cc00000|  0%| F|  |TAMS 0x000000061c800000, 0x000000061c800000| Untracked 
| 103|0x000000061cc00000, 0x000000061cc00000, 0x000000061d000000|  0%| F|  |TAMS 0x000000061cc00000, 0x000000061cc00000| Untracked 
| 104|0x000000061d000000, 0x000000061d000000, 0x000000061d400000|  0%| F|  |TAMS 0x000000061d000000, 0x000000061d000000| Untracked 
| 105|0x000000061d400000, 0x000000061d400000, 0x000000061d800000|  0%| F|  |TAMS 0x000000061d400000, 0x000000061d400000| Untracked 
| 106|0x000000061d800000, 0x000000061d800000, 0x000000061dc00000|  0%| F|  |TAMS 0x000000061d800000, 0x000000061d800000| Untracked 
| 107|0x000000061dc00000, 0x000000061dc00000, 0x000000061e000000|  0%| F|  |TAMS 0x000000061dc00000, 0x000000061dc00000| Untracked 
| 108|0x000000061e000000, 0x000000061e000000, 0x000000061e400000|  0%| F|  |TAMS 0x000000061e000000, 0x000000061e000000| Untracked 
| 109|0x000000061e400000, 0x000000061e400000, 0x000000061e800000|  0%| F|  |TAMS 0x000000061e400000, 0x000000061e400000| Untracked 
| 110|0x000000061e800000, 0x000000061e800000, 0x000000061ec00000|  0%| F|  |TAMS 0x000000061e800000, 0x000000061e800000| Untracked 
| 111|0x000000061ec00000, 0x000000061ec00000, 0x000000061f000000|  0%| F|  |TAMS 0x000000061ec00000, 0x000000061ec00000| Untracked 
| 112|0x000000061f000000, 0x000000061f000000, 0x000000061f400000|  0%| F|  |TAMS 0x000000061f000000, 0x000000061f000000| Untracked 
| 113|0x000000061f400000, 0x000000061f400000, 0x000000061f800000|  0%| F|  |TAMS 0x000000061f400000, 0x000000061f400000| Untracked 
| 114|0x000000061f800000, 0x000000061f800000, 0x000000061fc00000|  0%| F|  |TAMS 0x000000061f800000, 0x000000061f800000| Untracked 
| 115|0x000000061fc00000, 0x000000061fc00000, 0x0000000620000000|  0%| F|  |TAMS 0x000000061fc00000, 0x000000061fc00000| Untracked 
| 116|0x0000000620000000, 0x0000000620000000, 0x0000000620400000|  0%| F|  |TAMS 0x0000000620000000, 0x0000000620000000| Untracked 
| 117|0x0000000620400000, 0x0000000620400000, 0x0000000620800000|  0%| F|  |TAMS 0x0000000620400000, 0x0000000620400000| Untracked 
| 118|0x0000000620800000, 0x0000000620800000, 0x0000000620c00000|  0%| F|  |TAMS 0x0000000620800000, 0x0000000620800000| Untracked 
| 119|0x0000000620c00000, 0x0000000620c00000, 0x0000000621000000|  0%| F|  |TAMS 0x0000000620c00000, 0x0000000620c00000| Untracked 
| 120|0x0000000621000000, 0x0000000621000000, 0x0000000621400000|  0%| F|  |TAMS 0x0000000621000000, 0x0000000621000000| Untracked 
| 121|0x0000000621400000, 0x0000000621400000, 0x0000000621800000|  0%| F|  |TAMS 0x0000000621400000, 0x0000000621400000| Untracked 
| 122|0x0000000621800000, 0x0000000621800000, 0x0000000621c00000|  0%| F|  |TAMS 0x0000000621800000, 0x0000000621800000| Untracked 
| 123|0x0000000621c00000, 0x0000000621f68008, 0x0000000622000000| 85%| E|  |TAMS 0x0000000621c00000, 0x0000000621c00000| Complete 
| 124|0x0000000622000000, 0x0000000622400000, 0x0000000622400000|100%| E|CS|TAMS 0x0000000622000000, 0x0000000622000000| Complete 
| 125|0x0000000622400000, 0x0000000622800000, 0x0000000622800000|100%| E|CS|TAMS 0x0000000622400000, 0x0000000622400000| Complete 
| 126|0x0000000622800000, 0x0000000622c00000, 0x0000000622c00000|100%| E|CS|TAMS 0x0000000622800000, 0x0000000622800000| Complete 
| 127|0x0000000622c00000, 0x0000000623000000, 0x0000000623000000|100%| E|CS|TAMS 0x0000000622c00000, 0x0000000622c00000| Complete 

Card table byte_map: [0x000002ddfaf90000,0x000002ddfbf80000] _byte_map_base: 0x000002ddf7f78000

Marking Bits (Prev, Next): (CMBitMap*) 0x000002ddf60c50b0, (CMBitMap*) 0x000002ddf60c50f0
 Prev Bits: [0x000002dd8f000000, 0x000002dd96f40000)
 Next Bits: [0x000002dd96f40000, 0x000002dd9ee80000)

Polling page: 0x000002ddf3fe0000

Metaspace:

Usage:
  Non-class:     10.49 MB capacity,    10.38 MB ( 99%) used,   102.47 KB ( <1%) free+waste,     8.06 KB ( <1%) overhead. 
      Class:      1.09 MB capacity,     1.02 MB ( 94%) used,    62.84 KB (  6%) free+waste,     2.50 KB ( <1%) overhead. 
       Both:     11.58 MB capacity,    11.40 MB ( 99%) used,   165.30 KB (  1%) free+waste,    10.56 KB ( <1%) overhead. 

Virtual space:
  Non-class space:       12.00 MB reserved,      10.50 MB ( 88%) committed 
      Class space:        1.00 GB reserved,       1.13 MB ( <1%) committed 
             Both:        1.01 GB reserved,      11.63 MB (  1%) committed 

Chunk freelists:
   Non-Class:  12.00 KB
       Class:  7.00 KB
        Both:  19.00 KB

MaxMetaspaceSize: 17179869184.00 GB
CompressedClassSpaceSize: 1.00 GB

CodeHeap 'non-profiled nmethods': size=120000Kb used=508Kb max_used=508Kb free=119491Kb
 bounds [0x000002dd87ad0000, 0x000002dd87d40000, 0x000002dd8f000000]
CodeHeap 'profiled nmethods': size=120000Kb used=1625Kb max_used=1625Kb free=118375Kb
 bounds [0x000002dd805a0000, 0x000002dd80810000, 0x000002dd87ad0000]
CodeHeap 'non-nmethods': size=5760Kb used=1237Kb max_used=1327Kb free=4522Kb
 bounds [0x000002dd80000000, 0x000002dd80270000, 0x000002dd805a0000]
 total_blobs=1360 nmethods=958 adapters=315
 compilation: enabled
              stopped_count=0, restarted_count=0
 full_count=0

Compilation events (20 events):
Event: 0.725 Thread 0x000002dd9f7b2b40 nmethod 950 0x000002dd80730910 code [0x000002dd80730aa0, 0x000002dd80730b78]
Event: 0.725 Thread 0x000002dd9f7b2b40  949       3       java.lang.StringConcatHelper::newString (67 bytes)
Event: 0.726 Thread 0x000002dd9f7b2b40 nmethod 949 0x000002dd80730c10 code [0x000002dd80730e80, 0x000002dd80731908]
Event: 0.727 Thread 0x000002dd9fd68960 nmethod 946 0x000002dd87b3bf10 code [0x000002dd87b3c0a0, 0x000002dd87b3c1f8]
Event: 0.728 Thread 0x000002dd9f7b2b40  952       3       java.lang.ref.WeakReference::<init> (6 bytes)
Event: 0.728 Thread 0x000002dd9f7b2b40 nmethod 952 0x000002dd80731d10 code [0x000002dd80731ec0, 0x000002dd807321d8]
Event: 0.728 Thread 0x000002dd9f7b2b40  953  s!   3       jdk.internal.loader.URLClassPath::getLoader (194 bytes)
Event: 0.728 Thread 0x000002dd9f7ac860 nmethod 923 0x000002dd87b3c390 code [0x000002dd87b3c580, 0x000002dd87b3da28]
Event: 0.729 Thread 0x000002dd9f7b2b40 nmethod 953 0x000002dd80732310 code [0x000002dd80732620, 0x000002dd80733aa8]
Event: 0.729 Thread 0x000002dd9f7b2b40  954       3       org.eclipse.jdt.launching.internal.org.objectweb.asm.AnnotationWriter::putAnnotations (67 bytes)
Event: 0.729 Thread 0x000002dd9f7b2b40 nmethod 954 0x000002dd80734310 code [0x000002dd80734540, 0x000002dd80734978]
Event: 0.729 Thread 0x000002dd9f7b2b40  955   !   3       jdk.internal.loader.URLClassPath$JarLoader::ensureOpen (36 bytes)
Event: 0.730 Thread 0x000002dd9f7b2b40 nmethod 955 0x000002dd80734c90 code [0x000002dd80734e60, 0x000002dd807352b8]
Event: 0.731 Thread 0x000002dd9f7b2b40  956 %     3       two_pointer.RemoveDuplicatesMoreThanTwice::countVarwithAtMostTwoOccrrenceTwoPointer @ 14 (135 bytes)
Event: 0.731 Thread 0x000002dd9f7b2b40 nmethod 956% 0x000002dd80735490 code [0x000002dd80735660, 0x000002dd80735b78]
Event: 0.731 Thread 0x000002dd9f7b2b40  957       3       two_pointer.RemoveDuplicatesMoreThanTwice::countVarwithAtMostTwoOccrrenceTwoPointer (135 bytes)
Event: 0.732 Thread 0x000002dd9f7b2b40 nmethod 957 0x000002dd80735d10 code [0x000002dd80735ec0, 0x000002dd807362d8]
Event: 0.732 Thread 0x000002dd9fd68960  958 %     4       two_pointer.RemoveDuplicatesMoreThanTwice::countVarwithAtMostTwoOccrrenceTwoPointer @ 14 (135 bytes)
Event: 0.734 Thread 0x000002dd9fd68960 nmethod 958% 0x000002dd87b3e490 code [0x000002dd87b3e620, 0x000002dd87b3e858]
Event: 0.776 Thread 0x000002dd9f9e9e20 nmethod 314 0x000002dd87b3ea90 code [0x000002dd87b3f0c0, 0x000002dd87b4a858]

GC Heap History (0 events):
No events

Deoptimization events (20 events):
Event: 0.733 Thread 0x000002ddf6050e60 DEOPT PACKING pc=0x000002dd80735aba sp=0x000000fc60ffdd70
Event: 0.733 Thread 0x000002ddf6050e60 DEOPT UNPACKING pc=0x000002dd8004e23f sp=0x000000fc60ffd228 mode 0
Event: 0.733 Thread 0x000002ddf6050e60 DEOPT PACKING pc=0x000002dd80735aba sp=0x000000fc60ffdd70
Event: 0.733 Thread 0x000002ddf6050e60 DEOPT UNPACKING pc=0x000002dd8004e23f sp=0x000000fc60ffd228 mode 0
Event: 0.734 Thread 0x000002ddf6050e60 DEOPT PACKING pc=0x000002dd80735aba sp=0x000000fc60ffdd70
Event: 0.734 Thread 0x000002ddf6050e60 DEOPT UNPACKING pc=0x000002dd8004e23f sp=0x000000fc60ffd228 mode 0
Event: 0.734 Thread 0x000002ddf6050e60 DEOPT PACKING pc=0x000002dd80735aba sp=0x000000fc60ffdd70
Event: 0.734 Thread 0x000002ddf6050e60 DEOPT UNPACKING pc=0x000002dd8004e23f sp=0x000000fc60ffd228 mode 0
Event: 0.734 Thread 0x000002ddf6050e60 DEOPT PACKING pc=0x000002dd80735aba sp=0x000000fc60ffdd70
Event: 0.734 Thread 0x000002ddf6050e60 DEOPT UNPACKING pc=0x000002dd8004e23f sp=0x000000fc60ffd228 mode 0
Event: 0.734 Thread 0x000002ddf6050e60 DEOPT PACKING pc=0x000002dd80735aba sp=0x000000fc60ffdd70
Event: 0.734 Thread 0x000002ddf6050e60 DEOPT UNPACKING pc=0x000002dd8004e23f sp=0x000000fc60ffd228 mode 0
Event: 0.734 Thread 0x000002ddf6050e60 DEOPT PACKING pc=0x000002dd80735aba sp=0x000000fc60ffdd70
Event: 0.734 Thread 0x000002ddf6050e60 DEOPT UNPACKING pc=0x000002dd8004e23f sp=0x000000fc60ffd228 mode 0
Event: 0.734 Thread 0x000002ddf6050e60 DEOPT PACKING pc=0x000002dd80735aba sp=0x000000fc60ffdd70
Event: 0.734 Thread 0x000002ddf6050e60 DEOPT UNPACKING pc=0x000002dd8004e23f sp=0x000000fc60ffd228 mode 0
Event: 0.735 Thread 0x000002ddf6050e60 DEOPT PACKING pc=0x000002dd80735aba sp=0x000000fc60ffdd70
Event: 0.735 Thread 0x000002ddf6050e60 DEOPT UNPACKING pc=0x000002dd8004e23f sp=0x000000fc60ffd228 mode 0
Event: 20.190 Thread 0x000002ddf6050e60 DEOPT PACKING pc=0x000002dd87b3e6fb sp=0x000000fc60ffdd80
Event: 20.190 Thread 0x000002ddf6050e60 DEOPT UNPACKING pc=0x000002dd8004e23f sp=0x000000fc60ffd228 mode 0

Classes unloaded (0 events):
No events

Classes redefined (5 events):
Event: 178.992 Thread 0x000002dd9f737e40 redefined class name=two_pointer.RemoveDuplicatesMoreThanTwice, count=1
Event: 197.014 Thread 0x000002dd9f737e40 redefined class name=two_pointer.RemoveDuplicatesMoreThanTwice, count=2
Event: 260.419 Thread 0x000002dd9f737e40 redefined class name=two_pointer.RemoveDuplicatesMoreThanTwice, count=3
Event: 264.056 Thread 0x000002dd9f737e40 redefined class name=two_pointer.RemoveDuplicatesMoreThanTwice, count=4
Event: 308.634 Thread 0x000002dd9f737e40 redefined class name=two_pointer.RemoveDuplicatesMoreThanTwice, count=5

Internal exceptions (8 events):
Event: 0.380 Thread 0x000002ddf6050e60 Exception <a 'java/lang/NoSuchMethodError'{0x0000000622b5cf90}: 'void java.lang.invoke.DirectMethodHandle$Holder.invokeStatic(java.lang.Object, java.lang.Object)'> (0x0000000622b5cf90) 
thrown [./open/src/hotspot/share/interpreter/linkResolver.cpp, line 782]
Event: 0.380 Thread 0x000002ddf6050e60 Exception <a 'java/lang/NoSuchMethodError'{0x0000000622b60c38}: 'void java.lang.invoke.DirectMethodHandle$Holder.invokeStaticInit(java.lang.Object, java.lang.Object)'> (0x0000000622b60c38) 
thrown [./open/src/hotspot/share/interpreter/linkResolver.cpp, line 782]
Event: 0.476 Thread 0x000002ddf6050e60 Exception <a 'java/lang/NoSuchMethodError'{0x0000000622543738}: 'java.lang.Object java.lang.invoke.DirectMethodHandle$Holder.invokeStatic(java.lang.Object)'> (0x0000000622543738) 
thrown [./open/src/hotspot/share/interpreter/linkResolver.cpp, line 782]
Event: 0.583 Thread 0x000002ddf6050e60 Exception <a 'java/lang/NoSuchMethodError'{0x000000062204bac8}: 'java.lang.Object java.lang.invoke.DirectMethodHandle$Holder.invokeStaticInit(java.lang.Object)'> (0x000000062204bac8) 
thrown [./open/src/hotspot/share/interpreter/linkResolver.cpp, line 782]
Event: 0.673 Thread 0x000002ddf6050e60 Exception <a 'java/lang/NoSuchMethodError'{0x0000000621ca4cd8}: 'java.lang.Object java.lang.invoke.DirectMethodHandle$Holder.invokeInterface(java.lang.Object, java.lang.Object)'> (0x0000000621ca4cd8) 
thrown [./open/src/hotspot/share/interpreter/linkResolver.cpp, line 782]
Event: 0.674 Thread 0x000002ddf6050e60 Exception <a 'java/lang/IncompatibleClassChangeError'{0x0000000621ca86d0}: Found class java.lang.Object, but interface was expected> (0x0000000621ca86d0) 
thrown [./open/src/hotspot/share/interpreter/linkResolver.cpp, line 848]
Event: 0.692 Thread 0x000002ddf6050e60 Exception <a 'java/lang/NoSuchMethodError'{0x0000000621d6efc8}: 'java.lang.Object java.lang.invoke.DirectMethodHandle$Holder.newInvokeSpecial(java.lang.Object, java.lang.Object, java.lang.Object, java.lang.Object, java.lang.Object)'> (0x0000000621d6efc8) 
thrown [./open/src/hotspot/share/interpreter/linkResolver.cpp, line 782]
Event: 314.433 Thread 0x000002dda023a0a0 Exception <a 'java/lang/LinkageError'{0x0000000622a78838}> (0x0000000622a78838) 
thrown [./open/src/hotspot/share/oops/generateOopMap.cpp, line 2137]

Events (20 events):
Event: 271.998 Executing VM operation: ChangeBreakpoints
Event: 271.998 Executing VM operation: ChangeBreakpoints done
Event: 274.287 Executing VM operation: ChangeBreakpoints
Event: 274.287 Executing VM operation: ChangeBreakpoints done
Event: 308.633 Executing VM operation: RedefineClasses
Event: 308.637 Executing VM operation: RedefineClasses done
Event: 308.644 Executing VM operation: ChangeBreakpoints
Event: 308.644 Executing VM operation: ChangeBreakpoints done
Event: 314.396 Executing VM operation: ChangeBreakpoints
Event: 314.397 Executing VM operation: ChangeBreakpoints done
Event: 314.397 Executing VM operation: ChangeBreakpoints
Event: 314.398 Executing VM operation: ChangeBreakpoints done
Event: 314.400 Executing VM operation: GetFrameCount
Event: 314.400 Executing VM operation: GetFrameCount done
Event: 314.400 Executing VM operation: GetStackTrace
Event: 314.400 Executing VM operation: GetStackTrace done
Event: 314.409 Executing VM operation: GetFrameCount
Event: 314.409 Executing VM operation: GetFrameCount done
Event: 314.433 Executing VM operation: GetFrameLocation
Event: 314.433 Executing VM operation: GetFrameLocation done


Dynamic libraries:
0x00007ff7b91a0000 - 0x00007ff7b91ad000 	C:\Users\60026865.ICU_DOMAIN\Downloads\eclipse-java-2021-03-R-win32-x86_64\eclipse\plugins\org.eclipse.justj.openjdk.hotspot.jre.full.win32.x86_64_15.0.2.v20210201-0955\jre\bin\javaw.exe
0x00007ff99f280000 - 0x00007ff99f46c000 	C:\WINDOWS\SYSTEM32\ntdll.dll
0x00007ff99ccf0000 - 0x00007ff99cda3000 	C:\WINDOWS\System32\KERNEL32.DLL
0x00007ff99ba40000 - 0x00007ff99bcd4000 	C:\WINDOWS\System32\KERNELBASE.dll
0x00000000535e0000 - 0x000000005368e000 	C:\WINDOWS\System32\SYSFER.DLL
0x00007ff99b7f0000 - 0x00007ff99b8ea000 	C:\WINDOWS\System32\ucrtbase.dll
0x00007ff9698d0000 - 0x00007ff9698e8000 	C:\Users\60026865.ICU_DOMAIN\Downloads\eclipse-java-2021-03-R-win32-x86_64\eclipse\plugins\org.eclipse.justj.openjdk.hotspot.jre.full.win32.x86_64_15.0.2.v20210201-0955\jre\bin\jli.dll
0x00007ff96a650000 - 0x00007ff96a669000 	C:\Users\60026865.ICU_DOMAIN\Downloads\eclipse-java-2021-03-R-win32-x86_64\eclipse\plugins\org.eclipse.justj.openjdk.hotspot.jre.full.win32.x86_64_15.0.2.v20210201-0955\jre\bin\VCRUNTIME140.dll
0x00007ff99e880000 - 0x00007ff99ea17000 	C:\WINDOWS\System32\USER32.dll
0x00007ff9853f0000 - 0x00007ff985669000 	C:\WINDOWS\WinSxS\amd64_microsoft.windows.common-controls_6595b64144ccf1df_6.0.17763.1879_none_de7416585348d805\COMCTL32.dll
0x00007ff99b7d0000 - 0x00007ff99b7f0000 	C:\WINDOWS\System32\win32u.dll
0x00007ff99e350000 - 0x00007ff99e379000 	C:\WINDOWS\System32\GDI32.dll
0x00007ff99e2b0000 - 0x00007ff99e34e000 	C:\WINDOWS\System32\msvcrt.dll
0x00007ff99b5b0000 - 0x00007ff99b74c000 	C:\WINDOWS\System32\gdi32full.dll
0x00007ff99ea20000 - 0x00007ff99ed4d000 	C:\WINDOWS\System32\combase.dll
0x00007ff99b9a0000 - 0x00007ff99ba40000 	C:\WINDOWS\System32\msvcp_win.dll
0x00007ff99c7d0000 - 0x00007ff99c8ef000 	C:\WINDOWS\System32\RPCRT4.dll
0x00007ff99b530000 - 0x00007ff99b5af000 	C:\WINDOWS\System32\bcryptPrimitives.dll
0x00007ff99ee10000 - 0x00007ff99ee3e000 	C:\WINDOWS\System32\IMM32.DLL
0x00007ff997510000 - 0x00007ff99751c000 	C:\Users\60026865.ICU_DOMAIN\Downloads\eclipse-java-2021-03-R-win32-x86_64\eclipse\plugins\org.eclipse.justj.openjdk.hotspot.jre.full.win32.x86_64_15.0.2.v20210201-0955\jre\bin\vcruntime140_1.dll
0x00007ff967af0000 - 0x00007ff967b81000 	C:\Users\60026865.ICU_DOMAIN\Downloads\eclipse-java-2021-03-R-win32-x86_64\eclipse\plugins\org.eclipse.justj.openjdk.hotspot.jre.full.win32.x86_64_15.0.2.v20210201-0955\jre\bin\msvcp140.dll
0x00007ff909820000 - 0x00007ff90a37e000 	C:\Users\60026865.ICU_DOMAIN\Downloads\eclipse-java-2021-03-R-win32-x86_64\eclipse\plugins\org.eclipse.justj.openjdk.hotspot.jre.full.win32.x86_64_15.0.2.v20210201-0955\jre\bin\server\jvm.dll
0x00007ff99ef20000 - 0x00007ff99efc3000 	C:\WINDOWS\System32\ADVAPI32.dll
0x00007ff99cc50000 - 0x00007ff99ccee000 	C:\WINDOWS\System32\sechost.dll
0x00007ff99c7c0000 - 0x00007ff99c7c8000 	C:\WINDOWS\System32\PSAPI.DLL
0x00007ff97f750000 - 0x00007ff97f759000 	C:\WINDOWS\SYSTEM32\WSOCK32.dll
0x00007ff99f1e0000 - 0x00007ff99f24d000 	C:\WINDOWS\System32\WS2_32.dll
0x00007ff98d110000 - 0x00007ff98d134000 	C:\WINDOWS\SYSTEM32\WINMM.dll
0x00007ff998210000 - 0x00007ff99821a000 	C:\WINDOWS\SYSTEM32\VERSION.dll
0x00007ff98d0e0000 - 0x00007ff98d10d000 	C:\WINDOWS\SYSTEM32\WINMMBASE.dll
0x00007ff99c460000 - 0x00007ff99c4aa000 	C:\WINDOWS\System32\cfgmgr32.dll
0x00007ff99b270000 - 0x00007ff99b281000 	C:\WINDOWS\System32\kernel.appcore.dll
0x00007ff9997b0000 - 0x00007ff9997ba000 	C:\Users\60026865.ICU_DOMAIN\Downloads\eclipse-java-2021-03-R-win32-x86_64\eclipse\plugins\org.eclipse.justj.openjdk.hotspot.jre.full.win32.x86_64_15.0.2.v20210201-0955\jre\bin\jimage.dll
0x00007ff99ad60000 - 0x00007ff99af4d000 	C:\WINDOWS\SYSTEM32\DBGHELP.DLL
0x00007ff99acb0000 - 0x00007ff99acda000 	C:\WINDOWS\SYSTEM32\dbgcore.DLL
0x00007ff968f00000 - 0x00007ff968f39000 	C:\Users\60026865.ICU_DOMAIN\Downloads\eclipse-java-2021-03-R-win32-x86_64\eclipse\plugins\org.eclipse.justj.openjdk.hotspot.jre.full.win32.x86_64_15.0.2.v20210201-0955\jre\bin\jdwp.dll
0x00007ff994d00000 - 0x00007ff994d0e000 	C:\Users\60026865.ICU_DOMAIN\Downloads\eclipse-java-2021-03-R-win32-x86_64\eclipse\plugins\org.eclipse.justj.openjdk.hotspot.jre.full.win32.x86_64_15.0.2.v20210201-0955\jre\bin\instrument.dll
0x00007ff96aa40000 - 0x00007ff96aa65000 	C:\Users\60026865.ICU_DOMAIN\Downloads\eclipse-java-2021-03-R-win32-x86_64\eclipse\plugins\org.eclipse.justj.openjdk.hotspot.jre.full.win32.x86_64_15.0.2.v20210201-0955\jre\bin\java.dll
0x00007ff985980000 - 0x00007ff985998000 	C:\Users\60026865.ICU_DOMAIN\Downloads\eclipse-java-2021-03-R-win32-x86_64\eclipse\plugins\org.eclipse.justj.openjdk.hotspot.jre.full.win32.x86_64_15.0.2.v20210201-0955\jre\bin\zip.dll
0x00007ff99cdb0000 - 0x00007ff99e2a9000 	C:\WINDOWS\System32\SHELL32.dll
0x00007ff99ed60000 - 0x00007ff99ee08000 	C:\WINDOWS\System32\shcore.dll
0x00007ff99bd10000 - 0x00007ff99c45b000 	C:\WINDOWS\System32\windows.storage.dll
0x00007ff99b310000 - 0x00007ff99b334000 	C:\WINDOWS\System32\profapi.dll
0x00007ff99b2b0000 - 0x00007ff99b30d000 	C:\WINDOWS\System32\powrprof.dll
0x00007ff99cb00000 - 0x00007ff99cb52000 	C:\WINDOWS\System32\shlwapi.dll
0x00007ff99b7b0000 - 0x00007ff99b7c7000 	C:\WINDOWS\System32\cryptsp.dll
0x00007ff972400000 - 0x00007ff972419000 	C:\Users\60026865.ICU_DOMAIN\Downloads\eclipse-java-2021-03-R-win32-x86_64\eclipse\plugins\org.eclipse.justj.openjdk.hotspot.jre.full.win32.x86_64_15.0.2.v20210201-0955\jre\bin\net.dll
0x00007ff997400000 - 0x00007ff9974fc000 	C:\WINDOWS\SYSTEM32\WINHTTP.dll
0x00007ff99a6d0000 - 0x00007ff99a737000 	C:\WINDOWS\system32\mswsock.dll
0x00007ff971c70000 - 0x00007ff971c82000 	C:\Users\60026865.ICU_DOMAIN\Downloads\eclipse-java-2021-03-R-win32-x86_64\eclipse\plugins\org.eclipse.justj.openjdk.hotspot.jre.full.win32.x86_64_15.0.2.v20210201-0955\jre\bin\nio.dll
0x00007ff98f980000 - 0x00007ff98f98b000 	C:\Users\60026865.ICU_DOMAIN\Downloads\eclipse-java-2021-03-R-win32-x86_64\eclipse\plugins\org.eclipse.justj.openjdk.hotspot.jre.full.win32.x86_64_15.0.2.v20210201-0955\jre\bin\dt_socket.dll
0x00007ff99a3f0000 - 0x00007ff99a42d000 	C:\WINDOWS\SYSTEM32\IPHLPAPI.DLL
0x00007ff99a440000 - 0x00007ff99a506000 	C:\WINDOWS\SYSTEM32\DNSAPI.dll
0x00007ff99ed50000 - 0x00007ff99ed58000 	C:\WINDOWS\System32\NSI.dll
0x00007ff98fca0000 - 0x00007ff98fcaa000 	C:\Windows\System32\rasadhlp.dll
0x00007ff9960d0000 - 0x00007ff996149000 	C:\WINDOWS\System32\fwpuclnt.dll
0x00007ff99bce0000 - 0x00007ff99bd06000 	C:\WINDOWS\System32\bcrypt.dll
0x00007ff994e20000 - 0x00007ff994e30000 	C:\Users\60026865.ICU_DOMAIN\Downloads\eclipse-java-2021-03-R-win32-x86_64\eclipse\plugins\org.eclipse.justj.openjdk.hotspot.jre.full.win32.x86_64_15.0.2.v20210201-0955\jre\bin\verify.dll
0x00007ff996d70000 - 0x00007ff996d86000 	C:\WINDOWS\SYSTEM32\dhcpcsvc6.DLL
0x00007ff996d50000 - 0x00007ff996d6c000 	C:\WINDOWS\SYSTEM32\dhcpcsvc.DLL

dbghelp: loaded successfully - version: 4.0.5 - missing functions: none
symbol engine: initialized successfully - sym options: 0x614 - pdb path: .;C:\Users\60026865.ICU_DOMAIN\Downloads\eclipse-java-2021-03-R-win32-x86_64\eclipse\plugins\org.eclipse.justj.openjdk.hotspot.jre.full.win32.x86_64_15.0.2.v20210201-0955\jre\bin;C:\WINDOWS\SYSTEM32;C:\WINDOWS\WinSxS\amd64_microsoft.windows.common-controls_6595b64144ccf1df_6.0.17763.1879_none_de7416585348d805;C:\Users\60026865.ICU_DOMAIN\Downloads\eclipse-java-2021-03-R-win32-x86_64\eclipse\plugins\org.eclipse.justj.openjdk.hotspot.jre.full.win32.x86_64_15.0.2.v20210201-0955\jre\bin\server

VM Arguments:
jvm_args: -XX:+ShowCodeDetailsInExceptionMessages -agentlib:jdwp=transport=dt_socket,suspend=y,address=localhost:55305 -ea -javaagent:C:\Users\60026865.ICU_DOMAIN\Downloads\eclipse-java-2021-03-R-win32-x86_64\eclipse\configuration\org.eclipse.osgi\222\0\.cp\lib\javaagent-shaded.jar -Dfile.encoding=Cp1252 --module-path=C:\Users\60026865.ICU_DOMAIN\Downloads\hamcrest-core-1.3.jar;C:\Users\60026865.ICU_DOMAIN\Downloads\selenium-java-3.141.59\client-combined-3.141.59.jar;C:\Users\60026865.ICU_DOMAIN\Downloads\selenium-java-3.141.59\client-combined-3.141.59-sources.jar;C:\Users\60026865.ICU_DOMAIN\Downloads\selenium-java-3.141.59\libs\byte-buddy-1.8.15.jar;C:\Users\60026865.ICU_DOMAIN\Downloads\selenium-java-3.141.59\libs\commons-exec-1.3.jar;C:\Users\60026865.ICU_DOMAIN\Downloads\selenium-java-3.141.59\libs\guava-25.0-jre.jar;C:\Users\60026865.ICU_DOMAIN\Downloads\selenium-java-3.141.59\libs\okhttp-3.11.0.jar;C:\Users\60026865.ICU_DOMAIN\Downloads\selenium-java-3.141.59\libs\okio-1.14.0.jar 
java_command: org.eclipse.jdt.internal.junit.runner.RemoteTestRunner -version 3 -port 55304 -testLoaderClass org.eclipse.jdt.internal.junit4.runner.JUnit4TestLoader -loaderpluginname org.eclipse.jdt.junit4.runtime -classNames two_pointer.RemoveDuplicatesMoreThanTwice
java_class_path (initial): C:\Users\60026865.ICU_DOMAIN\git\Work_With_DSA\Work_With_DSA\bin;C:\Users\60026865.ICU_DOMAIN\Downloads\eclipse-java-2021-03-R-win32-x86_64\eclipse\plugins\org.junit_4.13.0.v20200204-1500.jar;C:\Users\60026865.ICU_DOMAIN\Downloads\eclipse-java-2021-03-R-win32-x86_64\eclipse\plugins\org.hamcrest.core_1.3.0.v20180420-1519.jar;C:\Users\60026865.ICU_DOMAIN\Downloads\eclipse-java-2021-03-R-win32-x86_64\eclipse\configuration\org.eclipse.osgi\220\0\.cp;C:\Users\60026865.ICU_DOMAIN\Downloads\eclipse-java-2021-03-R-win32-x86_64\eclipse\configuration\org.eclipse.osgi\219\0\.cp
Launcher Type: SUN_STANDARD

[Global flags]
     intx CICompilerCount                          = 4                                         {product} {ergonomic}
     uint ConcGCThreads                            = 3                                         {product} {ergonomic}
     uint G1ConcRefinementThreads                  = 10                                        {product} {ergonomic}
   size_t G1HeapRegionSize                         = 4194304                                   {product} {ergonomic}
    uintx GCDrainStackTargetSize                   = 64                                        {product} {ergonomic}
   size_t InitialHeapSize                          = 536870912                                 {product} {ergonomic}
   size_t MarkStackSize                            = 4194304                                   {product} {ergonomic}
   size_t MaxHeapSize                              = 8539602944                                {product} {ergonomic}
   size_t MaxNewSize                               = 5121245184                                {product} {ergonomic}
   size_t MinHeapDeltaBytes                        = 4194304                                   {product} {ergonomic}
   size_t MinHeapSize                              = 8388608                                   {product} {ergonomic}
    uintx NonNMethodCodeHeapSize                   = 5839372                                {pd product} {ergonomic}
    uintx NonProfiledCodeHeapSize                  = 122909434                              {pd product} {ergonomic}
    uintx ProfiledCodeHeapSize                     = 122909434                              {pd product} {ergonomic}
    uintx ReservedCodeCacheSize                    = 251658240                              {pd product} {ergonomic}
     bool SegmentedCodeCache                       = true                                      {product} {ergonomic}
     bool ShowCodeDetailsInExceptionMessages       = true                                   {manageable} {command line}
   size_t SoftMaxHeapSize                          = 8539602944                             {manageable} {ergonomic}
     bool UseCompressedClassPointers               = true                                 {lp64_product} {ergonomic}
     bool UseCompressedOops                        = true                                 {lp64_product} {ergonomic}
     bool UseG1GC                                  = true                                      {product} {ergonomic}
     bool UseLargePagesIndividualAllocation        = false                                  {pd product} {ergonomic}

Logging:
Log output configuration:
 #0: stdout all=warning uptime,level,tags
 #1: stderr all=off uptime,level,tags

Environment Variables:
JAVA_HOME=C:\Program Files (x86)\Java\jdk1.8.0_291
CLASSPATH=%CLASSPATH%;C:\Junit4\JUnit4.10.jar;.;
PATH=C:\Users\60026865.ICU_DOMAIN\Downloads\eclipse-java-2021-03-R-win32-x86_64\eclipse\plugins\org.eclipse.justj.openjdk.hotspot.jre.full.win32.x86_64_15.0.2.v20210201-0955\jre\bin;C:/Users/60026865.ICU_DOMAIN/Downloads/eclipse-java-2021-03-R-win32-x86_64/eclipse//plugins/org.eclipse.justj.openjdk.hotspot.jre.full.win32.x86_64_15.0.2.v20210201-0955/jre/bin/server;C:/Users/60026865.ICU_DOMAIN/Downloads/eclipse-java-2021-03-R-win32-x86_64/eclipse//plugins/org.eclipse.justj.openjdk.hotspot.jre.full.win32.x86_64_15.0.2.v20210201-0955/jre/bin;C:\Program Files (x86)\Common Files\Oracle\Java\javapath;C:\Program Files\ImageMagick-7.0.11-Q16-HDRI;C:\Program Files (x86)\PC Connectivity Solution\;C:\Ruby25-x64\bin;C:\Perl\site\bin;C:\Perl\bin;C:\ProgramData\Oracle\Java\javapath;C:\Program Files\Common Files\Microsoft Shared\Microsoft Online Services;C:\Program Files (x86)\Common Files\Microsoft Shared\Microsoft Online Services;C:\WINDOWS\system32;C:\WINDOWS;C:\WINDOWS\System32\Wbem;C:\WINDOWS\System32\WindowsPowerShell\v1.0\;C:\WINDOWS\System32\OpenSSH\;C:\ProgramData\Webex\Webex\Applications;C:\Program Files\Java\jre1.8.0_261\bin;C:\Program Files (x86)\Android\android-sdk\platform-tools;C:\WebDriver;C:\Program Files\Perforce;C:\Program Files\dotnet\;C:\Program Files\Microsoft SQL Server\130\Tools\Binn\;C:\Program Files\Microsoft SQL Server\Client SDK\ODBC\170\Tools\Binn\;C:\Program Files\Collaborator Client;C:\Program Files (x86)\PuTTY\;C:\Program Files (x86)\Webex\Webex\Applications;C:\Program Files (x86)\Webex\Plugins;C:\Program Files\apache-maven-3.6.3-bin\apache-maven-3.6.3\bin;C:\Program Files\Git\cmd;C:\Program Files (x86)\Sennheiser\SenncomSDK\;C:\Program Files (x86)\Intel\Intel(R) Management Engine Components\DAL;C:\Program Files\Intel\Intel(R) Management Engine Components\DAL;C:\nodejs\node_modules\.bin;C:\nodejs\;C:\Users\60026865.ICU_DOMAIN\AppData\Local\Programs\Python\Python38-32;C:\Users\60026865.ICU_DOMAIN\AppData\Local\Programs\Python\Python38-32\Scripts;C:\Rail
USERNAME=60026865
OS=Windows_NT
PROCESSOR_IDENTIFIER=Intel64 Family 6 Model 158 Stepping 10, GenuineIntel



---------------  S Y S T E M  ---------------

OS:
 Windows 10 , 64 bit Build 17763 (10.0.17763.1879)
OS uptime: 6 days 8:58 hours

CPU: total 12 (initial active 12) (6 cores per cpu, 2 threads per core) family 6 model 158 stepping 10 microcode 0xde, cmov, cx8, fxsr, mmx, sse, sse2, sse3, ssse3, sse4.1, sse4.2, popcnt, vzeroupper, avx, avx2, aes, clmul, erms, rtm, 3dnowpref, lzcnt, ht, tsc, tscinvbit, bmi1, bmi2, adx, fma, clflush, clflushopt

Memory: 4k page, system-wide physical 32574M (18145M free)
TotalPageFile size 37438M (AvailPageFile size 16996M)
current process WorkingSet (physical memory assigned to process): 67M, peak: 113M
current process commit charge ("private bytes"): 623M, peak: 670M

vm_info: OpenJDK 64-Bit Server VM (15.0.2+7-27) for windows-amd64 JRE (15.0.2+7-27), built on Dec  7 2020 20:02:38 by "mach5one" with unknown MS VC++:1925

END.
